Symbol range map extraction starting
Processing 27 files
startProcessing "dongle12\miscrails\MiscRails.java" md5: 51745dc1b49c3e4663399e357ee2eb74
Cache Hit!
endProcessing "dongle12\miscrails\MiscRails.java"

startProcessing "dongle12\miscrails\blocks\LauncherBlock.java" md5: 0d898ea2611c263bf085e63e369a8efb
Cache Hit!
endProcessing "dongle12\miscrails\blocks\LauncherBlock.java"

startProcessing "dongle12\miscrails\blocks\ModBlocks.java" md5: 4cc0de73772965b38bc76abbd0a2e527
Cache Hit!
endProcessing "dongle12\miscrails\blocks\ModBlocks.java"

startProcessing "dongle12\miscrails\carts\ModCarts.java" md5: 86319b46ecba89aab074ad8069da5a8b
Cache Hit!
endProcessing "dongle12\miscrails\carts\ModCarts.java"

startProcessing "dongle12\miscrails\carts\RenderSpeedCart.java" md5: 7fab260e24d151892720e1ab6d85c5d1
Cache Hit!
endProcessing "dongle12\miscrails\carts\RenderSpeedCart.java"

startProcessing "dongle12\miscrails\carts\SpeedCart.java" md5: 325ffaf155022728ef4d54b5d821c8df
Cache Hit!
endProcessing "dongle12\miscrails\carts\SpeedCart.java"

startProcessing "dongle12\miscrails\items\ItemSpeedCart.java" md5: ff2912132972a9597b0491166060cc3e
Cache Hit!
endProcessing "dongle12\miscrails\items\ItemSpeedCart.java"

startProcessing "dongle12\miscrails\items\ModItems.java" md5: 2eb2c2da9fce0a87e1666c6eba902813
Cache Hit!
endProcessing "dongle12\miscrails\items\ModItems.java"

startProcessing "dongle12\miscrails\items\Wrench.java" md5: dc0b69c9d0e2d91d29ff2f1eda6d205b
Cache Hit!
endProcessing "dongle12\miscrails\items\Wrench.java"

startProcessing "dongle12\miscrails\proxy\ClientProxy.java" md5: 210a0d04cfb240f22eb09a15969ecac7
Cache Hit!
endProcessing "dongle12\miscrails\proxy\ClientProxy.java"

startProcessing "dongle12\miscrails\proxy\CommonProxy.java" md5: 368ed7259cb9e2c6206638ac925dcac9
Cache Hit!
endProcessing "dongle12\miscrails\proxy\CommonProxy.java"

startProcessing "dongle12\miscrails\proxy\ServerProxy.java" md5: 5c768c59f36a1771e636639e5b2ceadd
Cache Hit!
endProcessing "dongle12\miscrails\proxy\ServerProxy.java"

startProcessing "dongle12\miscrails\rails\ModRails.java" md5: ef38b9856bb57e8d4c9083b2c9b3666d
Cache Hit!
endProcessing "dongle12\miscrails\rails\ModRails.java"

startProcessing "dongle12\miscrails\rails\powered_rails\BrakeRail.java" md5: 5635cba88e66a6ec73251873b434212e
endProcessing "dongle12\miscrails\rails\powered_rails\BrakeRail.java"

startProcessing "dongle12\miscrails\rails\powered_rails\DecelerationRail.java" md5: aeff1eb0d5dc16de7711ff55fa2a2f38
Cache Hit!
endProcessing "dongle12\miscrails\rails\powered_rails\DecelerationRail.java"

startProcessing "dongle12\miscrails\rails\powered_rails\JumpRail.java" md5: 8e88205a6c05fc193e15af62ab860e2e
endProcessing "dongle12\miscrails\rails\powered_rails\JumpRail.java"

startProcessing "dongle12\miscrails\rails\powered_rails\LaunchingRail.java" md5: ca39ece367563f7eb2bdd9f1679ddefb
endProcessing "dongle12\miscrails\rails\powered_rails\LaunchingRail.java"

startProcessing "dongle12\miscrails\rails\powered_rails\PoweredRail.java" md5: 6a77ba3d36b20134c76ae13679b4a5c9
Cache Hit!
endProcessing "dongle12\miscrails\rails\powered_rails\PoweredRail.java"

startProcessing "dongle12\miscrails\rails\powered_rails\PoweredSpeedRail.java" md5: ddc5914539e782e0b81b4506ebee372e
endProcessing "dongle12\miscrails\rails\powered_rails\PoweredSpeedRail.java"

startProcessing "dongle12\miscrails\rails\special_rails\DetectionRail.java" md5: 08e7785293a5d6d564cbfa6c59826a1b
Cache Hit!
endProcessing "dongle12\miscrails\rails\special_rails\DetectionRail.java"

startProcessing "dongle12\miscrails\rails\standard_rails\IntersectionRail.java" md5: 17e615c403cc630bc75cf32041982ad4
Cache Hit!
endProcessing "dongle12\miscrails\rails\standard_rails\IntersectionRail.java"

startProcessing "dongle12\miscrails\rails\standard_rails\SpeedRail.java" md5: 375e0c9698bc1f9dffe68df1d1e5201c
Cache Hit!
endProcessing "dongle12\miscrails\rails\standard_rails\SpeedRail.java"

startProcessing "dongle12\miscrails\rails\standard_rails\StandardRail.java" md5: db42b0d1629e786f675897b34ddc6d9b
Cache Hit!
endProcessing "dongle12\miscrails\rails\standard_rails\StandardRail.java"

startProcessing "dongle12\miscrails\rails\standard_rails\WoodenRail.java" md5: 1d6874f0b099c367ea7cc3a7562ef56f
endProcessing "dongle12\miscrails\rails\standard_rails\WoodenRail.java"

startProcessing "dongle12\miscrails\util\ConfigHandler.java" md5: 5fa8d8ab9468a09c3599dc3bc088832c
endProcessing "dongle12\miscrails\util\ConfigHandler.java"

startProcessing "dongle12\miscrails\util\IHasModel.java" md5: d96b1294e86cbc3d2d3dbadda2bd7aa2
Cache Hit!
endProcessing "dongle12\miscrails\util\IHasModel.java"

startProcessing "dongle12\miscrails\util\RailUtil.java" md5: c0038a11d92595be0a0114a4c928a215
Cache Hit!
endProcessing "dongle12\miscrails\util\RailUtil.java"

