[23:47:35] [main/INFO]: Setting user: Player979
[23:47:39] [main/WARN]: Skipping bad option: lastServer:
[23:47:39] [main/INFO]: LWJGL Version: 2.9.4
[23:47:45] [main/INFO]: Reloading ResourceManager: Default, FMLFileResourcePack:Forge Mod Loader, FMLFileResourcePack:Minecraft Forge, FMLFileResourcePack:Misc Rails, FMLFileResourcePack:Rail Roads
[23:47:48] [Sound Library Loader/INFO]: Starting up SoundSystem...
[23:47:48] [Thread-5/INFO]: Initializing LWJGL OpenAL
[23:47:48] [Thread-5/INFO]: (The LWJGL binding of OpenAL.  For more information, see http://www.lwjgl.org)
[23:47:48] [Thread-5/INFO]: OpenAL initialized.
[23:47:49] [Sound Library Loader/INFO]: Sound engine started
[23:47:53] [main/INFO]: Created: 512x512 textures-atlas
[23:47:56] [main/WARN]: Skipping bad option: lastServer:
[23:47:56] [main/INFO]: Narrator library for x64 successfully loaded
[23:47:56] [Realms Notification Availability checker #1/INFO]: Could not authorize you against Realms server: Invalid session id
[23:47:59] [Server thread/INFO]: Starting integrated minecraft server version 1.12.2
[23:47:59] [Server thread/INFO]: Generating keypair
[23:48:00] [Server thread/INFO]: Loaded 488 advancements
[23:48:00] [Server thread/INFO]: Preparing start region for level 0
[23:48:01] [Server thread/INFO]: Changing view distance to 12, from 10
[23:48:03] [Server thread/INFO]: Player979[local:E:fa768ed2] logged in with entity id 2 at (-56.16080276832735, 56.0, -1091.311434041997)
[23:48:03] [Server thread/INFO]: Player979 joined the game
[23:48:03] [Server thread/INFO]: Player979 has made the advancement [Cover Me With Diamonds]
[23:48:04] [Server thread/INFO]: Saving and pausing game...
[23:48:04] [Server thread/INFO]: Saving chunks for level 'Copy of New World'/overworld
[23:48:04] [Server thread/INFO]: Saving chunks for level 'Copy of New World'/the_nether
[23:48:04] [Server thread/INFO]: Saving chunks for level 'Copy of New World'/the_end
[23:48:04] [pool-2-thread-1/WARN]: Couldn't look up profile properties for com.mojang.authlib.GameProfile@7c9f29e7[id=a358f576-55e4-36d3-950a-a39f1875bc3b,name=Player979,properties={},legacy=false]
com.mojang.authlib.exceptions.AuthenticationException: The client has sent too many requests within a certain amount of time
	at com.mojang.authlib.yggdrasil.YggdrasilAuthenticationService.makeRequest(YggdrasilAuthenticationService.java:79) ~[YggdrasilAuthenticationService.class:?]
	at com.mojang.authlib.yggdrasil.YggdrasilMinecraftSessionService.fillGameProfile(YggdrasilMinecraftSessionService.java:180) [YggdrasilMinecraftSessionService.class:?]
	at com.mojang.authlib.yggdrasil.YggdrasilMinecraftSessionService$1.load(YggdrasilMinecraftSessionService.java:60) [YggdrasilMinecraftSessionService$1.class:?]
	at com.mojang.authlib.yggdrasil.YggdrasilMinecraftSessionService$1.load(YggdrasilMinecraftSessionService.java:57) [YggdrasilMinecraftSessionService$1.class:?]
	at com.google.common.cache.LocalCache$LoadingValueReference.loadFuture(LocalCache.java:3716) [guava-21.0.jar:?]
	at com.google.common.cache.LocalCache$Segment.loadSync(LocalCache.java:2424) [guava-21.0.jar:?]
	at com.google.common.cache.LocalCache$Segment.lockedGetOrLoad(LocalCache.java:2298) [guava-21.0.jar:?]
	at com.google.common.cache.LocalCache$Segment.get(LocalCache.java:2211) [guava-21.0.jar:?]
	at com.google.common.cache.LocalCache.get(LocalCache.java:4154) [guava-21.0.jar:?]
	at com.google.common.cache.LocalCache.getOrLoad(LocalCache.java:4158) [guava-21.0.jar:?]
	at com.google.common.cache.LocalCache$LocalLoadingCache.get(LocalCache.java:5147) [guava-21.0.jar:?]
	at com.google.common.cache.LocalCache$LocalLoadingCache.getUnchecked(LocalCache.java:5153) [guava-21.0.jar:?]
	at com.mojang.authlib.yggdrasil.YggdrasilMinecraftSessionService.fillProfileProperties(YggdrasilMinecraftSessionService.java:170) [YggdrasilMinecraftSessionService.class:?]
	at net.minecraft.client.Minecraft.getProfileProperties(Minecraft.java:3190) [Minecraft.class:?]
	at net.minecraft.client.resources.SkinManager$3.run(SkinManager.java:138) [SkinManager$3.class:?]
	at java.util.concurrent.Executors$RunnableAdapter.call(Unknown Source) [?:1.8.0_151]
	at java.util.concurrent.FutureTask.run(Unknown Source) [?:1.8.0_151]
	at java.util.concurrent.ThreadPoolExecutor.runWorker(Unknown Source) [?:1.8.0_151]
	at java.util.concurrent.ThreadPoolExecutor$Worker.run(Unknown Source) [?:1.8.0_151]
	at java.lang.Thread.run(Unknown Source) [?:1.8.0_151]
[23:48:04] [main/INFO]: [CHAT] Player979 has made the advancement [Cover Me With Diamonds]
[23:48:04] [main/INFO]: Loaded 26 advancements
[23:49:57] [Server thread/INFO]: Saving and pausing game...
[23:49:57] [Server thread/INFO]: Saving chunks for level 'Copy of New World'/overworld
[23:49:57] [Server thread/INFO]: Saving chunks for level 'Copy of New World'/the_nether
[23:49:57] [Server thread/INFO]: Saving chunks for level 'Copy of New World'/the_end
[23:50:57] [Server thread/INFO]: Saving and pausing game...
[23:50:57] [Server thread/INFO]: Saving chunks for level 'Copy of New World'/overworld
[23:50:57] [Server thread/INFO]: Saving chunks for level 'Copy of New World'/the_nether
[23:50:57] [Server thread/INFO]: Saving chunks for level 'Copy of New World'/the_end
[23:50:57] [Server thread/INFO]: Stopping server
[23:50:57] [Server thread/INFO]: Saving players
[23:50:57] [Server thread/INFO]: Player979 lost connection: Disconnected
[23:50:57] [Server thread/INFO]: Player979 left the game
[23:50:57] [Server thread/INFO]: Stopping singleplayer server as player logged out
[23:50:57] [Server thread/INFO]: Saving worlds
[23:50:57] [Server thread/INFO]: Saving chunks for level 'Copy of New World'/overworld
[23:50:57] [Server thread/INFO]: Saving chunks for level 'Copy of New World'/the_nether
[23:50:57] [Server thread/INFO]: Saving chunks for level 'Copy of New World'/the_end
