[23:31:13] [main/INFO]: Setting user: Dev
[23:31:17] [main/WARN]: Skipping bad option: lastServer:
[23:31:17] [main/INFO]: LWJGL Version: 2.9.4
[23:31:20] [main/INFO]: Reloading ResourceManager: Default, FMLFileResourcePack:Forge Mod Loader, FMLFileResourcePack:Minecraft Forge, FMLFileResourcePack:Better Railroads, FMLFileResourcePack:NBTEdit
[23:31:28] [Sound Library Loader/INFO]: Starting up SoundSystem...
[23:31:29] [Thread-5/INFO]: Initializing LWJGL OpenAL
[23:31:29] [Thread-5/INFO]: (The LWJGL binding of OpenAL.  For more information, see http://www.lwjgl.org)
[23:31:29] [Thread-5/INFO]: OpenAL initialized.
[23:31:29] [Sound Library Loader/INFO]: Sound engine started
[23:31:33] [main/INFO]: Created: 512x512 textures-atlas
[23:31:35] [main/WARN]: Skipping bad option: lastServer:
[23:31:35] [main/INFO]: Narrator library for x64 successfully loaded
[23:31:36] [Realms Notification Availability checker #1/INFO]: Could not authorize you against Realms server: Invalid session id
[23:36:57] [Server thread/INFO]: Starting integrated minecraft server version 1.12.2
[23:36:57] [Server thread/INFO]: Generating keypair
[23:36:58] [Server thread/INFO]: Loaded 488 advancements
[23:36:58] [Server thread/INFO]: Preparing start region for level 0
[23:36:59] [Server thread/INFO]: Changing view distance to 12, from 10
[23:37:00] [Server thread/INFO]: Dev[local:E:136e1e8e] logged in with entity id 86 at (1262.2997540639774, 4.0, 564.658626124157)
[23:37:00] [Server thread/INFO]: Dev joined the game
[23:37:01] [Server thread/INFO]: Saving and pausing game...
[23:37:01] [Server thread/INFO]: Saving chunks for level 'New World'/overworld
[23:37:02] [Server thread/INFO]: Saving chunks for level 'New World'/the_nether
[23:37:02] [Server thread/INFO]: Saving chunks for level 'New World'/the_end
[23:37:02] [pool-2-thread-1/WARN]: Couldn't look up profile properties for com.mojang.authlib.GameProfile@445273a9[id=380df991-f603-344c-a090-369bad2a924a,name=Dev,properties={},legacy=false]
com.mojang.authlib.exceptions.AuthenticationException: The client has sent too many requests within a certain amount of time
	at com.mojang.authlib.yggdrasil.YggdrasilAuthenticationService.makeRequest(YggdrasilAuthenticationService.java:79) ~[YggdrasilAuthenticationService.class:?]
	at com.mojang.authlib.yggdrasil.YggdrasilMinecraftSessionService.fillGameProfile(YggdrasilMinecraftSessionService.java:180) [YggdrasilMinecraftSessionService.class:?]
	at com.mojang.authlib.yggdrasil.YggdrasilMinecraftSessionService$1.load(YggdrasilMinecraftSessionService.java:60) [YggdrasilMinecraftSessionService$1.class:?]
	at com.mojang.authlib.yggdrasil.YggdrasilMinecraftSessionService$1.load(YggdrasilMinecraftSessionService.java:57) [YggdrasilMinecraftSessionService$1.class:?]
	at com.google.common.cache.LocalCache$LoadingValueReference.loadFuture(LocalCache.java:3716) [guava-21.0.jar:?]
	at com.google.common.cache.LocalCache$Segment.loadSync(LocalCache.java:2424) [guava-21.0.jar:?]
	at com.google.common.cache.LocalCache$Segment.lockedGetOrLoad(LocalCache.java:2298) [guava-21.0.jar:?]
	at com.google.common.cache.LocalCache$Segment.get(LocalCache.java:2211) [guava-21.0.jar:?]
	at com.google.common.cache.LocalCache.get(LocalCache.java:4154) [guava-21.0.jar:?]
	at com.google.common.cache.LocalCache.getOrLoad(LocalCache.java:4158) [guava-21.0.jar:?]
	at com.google.common.cache.LocalCache$LocalLoadingCache.get(LocalCache.java:5147) [guava-21.0.jar:?]
	at com.google.common.cache.LocalCache$LocalLoadingCache.getUnchecked(LocalCache.java:5153) [guava-21.0.jar:?]
	at com.mojang.authlib.yggdrasil.YggdrasilMinecraftSessionService.fillProfileProperties(YggdrasilMinecraftSessionService.java:170) [YggdrasilMinecraftSessionService.class:?]
	at net.minecraft.client.Minecraft.getProfileProperties(Minecraft.java:3190) [Minecraft.class:?]
	at net.minecraft.client.resources.SkinManager$3.run(SkinManager.java:138) [SkinManager$3.class:?]
	at java.util.concurrent.Executors$RunnableAdapter.call(Unknown Source) [?:1.8.0_171]
	at java.util.concurrent.FutureTask.run(Unknown Source) [?:1.8.0_171]
	at java.util.concurrent.ThreadPoolExecutor.runWorker(Unknown Source) [?:1.8.0_171]
	at java.util.concurrent.ThreadPoolExecutor$Worker.run(Unknown Source) [?:1.8.0_171]
	at java.lang.Thread.run(Unknown Source) [?:1.8.0_171]
[23:37:02] [main/INFO]: Loaded 43 advancements
[23:37:51] [Server thread/INFO]: Saving and pausing game...
[23:37:51] [Server thread/INFO]: Saving chunks for level 'New World'/overworld
[23:37:51] [Server thread/INFO]: Saving chunks for level 'New World'/the_nether
[23:37:51] [Server thread/INFO]: Saving chunks for level 'New World'/the_end
[23:38:12] [Server thread/INFO]: Saving and pausing game...
[23:38:12] [Server thread/INFO]: Saving chunks for level 'New World'/overworld
[23:38:12] [Server thread/INFO]: Saving chunks for level 'New World'/the_nether
[23:38:12] [Server thread/INFO]: Saving chunks for level 'New World'/the_end
[23:38:13] [Server thread/INFO]: Stopping server
[23:38:13] [Server thread/INFO]: Saving players
[23:38:13] [Server thread/INFO]: Dev lost connection: Disconnected
[23:38:13] [Server thread/INFO]: Dev left the game
[23:38:13] [Server thread/INFO]: Stopping singleplayer server as player logged out
[23:38:13] [Server thread/INFO]: Saving worlds
[23:38:13] [Server thread/INFO]: Saving chunks for level 'New World'/overworld
[23:38:13] [Server thread/INFO]: Saving chunks for level 'New World'/the_nether
[23:38:13] [Server thread/INFO]: Saving chunks for level 'New World'/the_end
[23:38:14] [main/INFO]: Stopping!
[23:38:14] [main/INFO]: SoundSystem shutting down...
[23:38:14] [main/WARN]: Author: Paul Lamb, www.paulscode.com
